<?xml version="1.0" encoding="UTF-8"?>
<testsuite name="Test the functionality for the creation of new users in the JOIN TODAY" tests="1" skipped="0" failures="0" errors="0" timestamp="2022-06-08T15:16:20" hostname="CHMEP5JC9RF3" time="62.106">
  <properties/>
  <testcase name="validate the creation of new users" classname="Test the functionality for the creation of new users in the JOIN TODAY" time="62.106"/>
  <system-out><![CDATA[]]></system-out>
  <system-err><![CDATA[jun 08, 2022 10:16:21 AM org.openqa.selenium.remote.DesiredCapabilities chrome
INFORMACIÓN: Using `new ChromeOptions()` is preferred to `DesiredCapabilities.chrome()`
Starting ChromeDriver 102.0.5005.61 (0e59bcc00cc4985ce39ad31c150065f159d95ad3-refs/branch-heads/5005@{#819}) on port 37293
Only local connections are allowed.
Please see https://chromedriver.chromium.org/security-considerations for suggestions on keeping ChromeDriver safe.
ChromeDriver was started successfully.
jun 08, 2022 10:16:24 AM org.openqa.selenium.remote.ProtocolHandshake createSession
INFORMACIÓN: Detected dialect: W3C
[Test worker] INFO net.serenitybdd.core.Serenity - 
        __    _____ _____ ____ _____   ____   _    ____  ____  _____ ____  
  _     \ \  |_   _| ____/ ___|_   _| |  _ \ / \  / ___|/ ___|| ____|  _ \ 
 (_)_____| |   | | |  _| \___ \ | |   | |_) / _ \ \___ \\___ \|  _| | | | |
  _|_____| |   | | | |___ ___) || |   |  __/ ___ \ ___) |___) | |___| |_| |
 (_)     | |   |_| |_____|____/ |_|   |_| /_/   \_\____/|____/|_____|____/ 
        /_/                                                                

TEST PASSED: validate the creation of new users
----------------------------------------------------------------------------
]]></system-err>
</testsuite>
